<?xml version="1.0" encoding="UTF-8"?>
<testsuite xmlns:xsi="http://www.w3.org/2001/XMLSchema-instance" xsi:noNamespaceSchemaLocation="https://maven.apache.org/surefire/maven-surefire-plugin/xsd/surefire-test-report-3.0.xsd" version="3.0" name="bank.BankAccountTest" time="0.358" tests="20" errors="0" skipped="0" failures="0">
  <properties>
[...]
</properties>
  <testcase name="IsAvailableToWithdraw(int, int, Boolean)[1]" classname="bank.BankAccountTest" time="0.108"/>
  <testcase name="IsAvailableToWithdraw(int, int, Boolean)[2]" classname="bank.BankAccountTest" time="0.002"/>
  <testcase name="PaymentCorresctOutputTest(double, double, int, double)[1]" classname="bank.BankAccountTest" time="0.008"/>
  <testcase name="DepositedNegativeAmountException" classname="bank.BankAccountTest" time="0.006"/>
  <testcase name="withdrawMoneyCorrectlyFromAccount(int, int, int)[1]" classname="bank.BankAccountTest" time="0.0"/>
  <testcase name="GetBalanceCorresctOutputTest(int)[1]" classname="bank.BankAccountTest" time="0.0"/>
  <testcase name="GetBalanceCorresctOutputTest(int)[2]" classname="bank.BankAccountTest" time="0.0"/>
  <testcase name="GetBalanceCorresctOutputTest(int)[3]" classname="bank.BankAccountTest" time="0.008"/>
  <testcase name="PendingNegativeNumbersException(double, double, int, int)[1]" classname="bank.BankAccountTest" time="0.008"/>
  <testcase name="PendingNegativeNumbersException(double, double, int, int)[2]" classname="bank.BankAccountTest" time="0.0"/>
  <testcase name="PendingNegativeNumbersException(double, double, int, int)[3]" classname="bank.BankAccountTest" time="0.001"/>
  <testcase name="PendingNegativeNumbersException(double, double, int, int)[4]" classname="bank.BankAccountTest" time="0.0"/>
  <testcase name="PaymentNegativeNumbersException(double, double, int)[1]" classname="bank.BankAccountTest" time="0.003"/>
  <testcase name="PaymentNegativeNumbersException(double, double, int)[2]" classname="bank.BankAccountTest" time="0.0"/>
  <testcase name="PaymentNegativeNumbersException(double, double, int)[3]" classname="bank.BankAccountTest" time="0.0"/>
  <testcase name="DepositCorrectlyInAccount(int, int, int)[1]" classname="bank.BankAccountTest" time="0.0"/>
  <testcase name="DepositCorrectlyInAccount(int, int, int)[2]" classname="bank.BankAccountTest" time="0.0"/>
  <testcase name="WithdrawNegativeAmountException" classname="bank.BankAccountTest" time="0.0"/>
  <testcase name="PendingCorresctOutputTest(double, double, int, int, double)[1]" classname="bank.BankAccountTest" time="0.0"/>
  <testcase name="PendingCorresctOutputTest(double, double, int, int, double)[2]" classname="bank.BankAccountTest" time="0.0"/>
</testsuite>